mode: atomic
github.com/canpacis/payload/decoder.go:25.43,26.18 1 1
github.com/canpacis/payload/decoder.go:26.18,28.3 1 1
github.com/canpacis/payload/decoder.go:30.2,30.122 1 0
github.com/canpacis/payload/decoder.go:35.43,37.2 1 1
github.com/canpacis/payload/decoder.go:49.48,50.19 1 1
github.com/canpacis/payload/decoder.go:50.19,52.3 1 1
github.com/canpacis/payload/decoder.go:54.2,54.38 1 0
github.com/canpacis/payload/decoder.go:54.38,56.3 1 0
github.com/canpacis/payload/decoder.go:58.2,58.44 1 0
github.com/canpacis/payload/decoder.go:58.44,60.3 1 0
github.com/canpacis/payload/decoder.go:62.2,62.58 1 0
github.com/canpacis/payload/decoder.go:81.45,83.19 2 2
github.com/canpacis/payload/decoder.go:83.19,85.3 1 0
github.com/canpacis/payload/decoder.go:86.2,86.37 1 2
github.com/canpacis/payload/decoder.go:86.37,88.3 1 1
github.com/canpacis/payload/decoder.go:89.2,89.81 1 1
github.com/canpacis/payload/decoder.go:97.43,99.17 2 10
github.com/canpacis/payload/decoder.go:99.17,101.4 1 4
github.com/canpacis/payload/decoder.go:102.3,102.21 1 6
github.com/canpacis/payload/decoder.go:104.44,106.17 2 1
github.com/canpacis/payload/decoder.go:106.17,108.4 1 0
github.com/canpacis/payload/decoder.go:109.3,109.22 1 1
github.com/canpacis/payload/decoder.go:111.45,113.17 2 1
github.com/canpacis/payload/decoder.go:113.17,115.4 1 0
github.com/canpacis/payload/decoder.go:116.3,116.23 1 1
github.com/canpacis/payload/decoder.go:118.45,120.17 2 1
github.com/canpacis/payload/decoder.go:120.17,122.4 1 0
github.com/canpacis/payload/decoder.go:123.3,123.23 1 1
github.com/canpacis/payload/decoder.go:125.45,127.17 2 1
github.com/canpacis/payload/decoder.go:127.17,129.4 1 0
github.com/canpacis/payload/decoder.go:130.3,130.23 1 1
github.com/canpacis/payload/decoder.go:132.44,134.17 2 3
github.com/canpacis/payload/decoder.go:134.17,136.4 1 1
github.com/canpacis/payload/decoder.go:137.3,137.22 1 2
github.com/canpacis/payload/decoder.go:139.45,141.17 2 1
github.com/canpacis/payload/decoder.go:141.17,143.4 1 0
github.com/canpacis/payload/decoder.go:144.3,144.23 1 1
github.com/canpacis/payload/decoder.go:146.46,148.17 2 1
github.com/canpacis/payload/decoder.go:148.17,150.4 1 0
github.com/canpacis/payload/decoder.go:151.3,151.24 1 1
github.com/canpacis/payload/decoder.go:153.46,155.17 2 1
github.com/canpacis/payload/decoder.go:155.17,157.4 1 0
github.com/canpacis/payload/decoder.go:158.3,158.24 1 1
github.com/canpacis/payload/decoder.go:160.46,162.17 2 1
github.com/canpacis/payload/decoder.go:162.17,164.4 1 0
github.com/canpacis/payload/decoder.go:165.3,165.24 1 1
github.com/canpacis/payload/decoder.go:167.47,169.17 2 3
github.com/canpacis/payload/decoder.go:169.17,171.4 1 1
github.com/canpacis/payload/decoder.go:172.3,172.25 1 2
github.com/canpacis/payload/decoder.go:174.47,176.17 2 3
github.com/canpacis/payload/decoder.go:176.17,178.4 1 1
github.com/canpacis/payload/decoder.go:179.3,179.16 1 2
github.com/canpacis/payload/decoder.go:181.44,183.13 2 0
github.com/canpacis/payload/decoder.go:184.20,185.20 1 0
github.com/canpacis/payload/decoder.go:186.21,187.21 1 0
github.com/canpacis/payload/decoder.go:188.11,189.63 1 0
github.com/canpacis/payload/decoder.go:213.64,214.57 1 1
github.com/canpacis/payload/decoder.go:214.57,216.3 1 1
github.com/canpacis/payload/decoder.go:246.103,249.48 2 77
github.com/canpacis/payload/decoder.go:249.48,251.3 1 2
github.com/canpacis/payload/decoder.go:253.2,255.33 3 75
github.com/canpacis/payload/decoder.go:255.33,257.3 1 1
github.com/canpacis/payload/decoder.go:259.2,259.31 1 74
github.com/canpacis/payload/decoder.go:259.31,263.26 3 185
github.com/canpacis/payload/decoder.go:263.26,264.12 1 0
github.com/canpacis/payload/decoder.go:267.3,268.10 2 185
github.com/canpacis/payload/decoder.go:268.10,269.12 1 103
github.com/canpacis/payload/decoder.go:272.3,273.20 2 82
github.com/canpacis/payload/decoder.go:273.20,274.12 1 7
github.com/canpacis/payload/decoder.go:277.3,278.18 2 75
github.com/canpacis/payload/decoder.go:278.18,279.12 1 30
github.com/canpacis/payload/decoder.go:282.3,282.51 1 45
github.com/canpacis/payload/decoder.go:282.51,283.31 1 10
github.com/canpacis/payload/decoder.go:283.31,290.5 1 1
github.com/canpacis/payload/decoder.go:290.10,290.41 1 9
github.com/canpacis/payload/decoder.go:290.41,292.5 1 0
github.com/canpacis/payload/decoder.go:292.10,298.5 1 9
github.com/canpacis/payload/decoder.go:302.2,302.12 1 64
github.com/canpacis/payload/decoder.go:319.85,320.21 1 66
github.com/canpacis/payload/decoder.go:320.21,322.3 1 0
github.com/canpacis/payload/decoder.go:323.2,323.46 1 66
github.com/canpacis/payload/decoder.go:323.46,326.3 2 34
github.com/canpacis/payload/decoder.go:328.2,330.9 3 32
github.com/canpacis/payload/decoder.go:330.9,332.10 2 32
github.com/canpacis/payload/decoder.go:332.10,334.4 1 29
github.com/canpacis/payload/decoder.go:336.2,337.9 2 32
github.com/canpacis/payload/decoder.go:337.9,338.48 1 0
github.com/canpacis/payload/decoder.go:338.48,341.4 2 0
github.com/canpacis/payload/decoder.go:342.3,342.17 1 0
github.com/canpacis/payload/decoder.go:343.8,344.11 1 32
github.com/canpacis/payload/decoder.go:344.11,346.4 1 3
github.com/canpacis/payload/decoder.go:348.3,349.10 2 29
github.com/canpacis/payload/decoder.go:349.10,351.11 2 28
github.com/canpacis/payload/decoder.go:351.11,353.5 1 1
github.com/canpacis/payload/decoder.go:354.4,355.18 2 27
github.com/canpacis/payload/decoder.go:355.18,357.5 1 7
github.com/canpacis/payload/decoder.go:358.4,358.58 1 20
github.com/canpacis/payload/decoder.go:361.3,362.17 2 1
github.com/canpacis/payload/decoder.go:362.17,364.4 1 0
github.com/canpacis/payload/decoder.go:365.3,365.57 1 1
github.com/canpacis/payload/payload.go:44.53,46.2 1 24
github.com/canpacis/payload/payload.go:59.45,60.50 1 23
github.com/canpacis/payload/payload.go:60.50,62.3 1 25
github.com/canpacis/payload/payload.go:62.47,64.3 1 3
github.com/canpacis/payload/payload.go:70.50,72.2 1 11
github.com/canpacis/payload/payload.go:89.59,91.2 1 17
github.com/canpacis/payload/payload.go:104.45,105.50 1 16
github.com/canpacis/payload/payload.go:105.50,107.17 2 13
github.com/canpacis/payload/payload.go:107.17,109.4 1 7
github.com/canpacis/payload/payload.go:110.3,110.22 1 6
github.com/canpacis/payload/payload.go:111.47,113.3 1 0
github.com/canpacis/payload/payload.go:118.56,120.2 1 4
github.com/canpacis/payload/payload.go:134.50,136.2 1 25
github.com/canpacis/payload/payload.go:150.44,151.47 1 23
github.com/canpacis/payload/payload.go:151.47,153.3 1 39
github.com/canpacis/payload/payload.go:153.46,155.3 1 0
github.com/canpacis/payload/payload.go:161.48,163.2 1 9
github.com/canpacis/payload/payload.go:180.53,182.2 1 16
github.com/canpacis/payload/payload.go:195.43,196.48 1 15
github.com/canpacis/payload/payload.go:196.48,198.3 1 5
github.com/canpacis/payload/payload.go:198.45,200.3 1 0
github.com/canpacis/payload/payload.go:206.52,208.2 1 3
github.com/canpacis/payload/payload.go:231.59,233.2 1 13
github.com/canpacis/payload/payload.go:244.46,253.76 3 13
github.com/canpacis/payload/payload.go:253.76,255.15 2 10
github.com/canpacis/payload/payload.go:256.58,257.60 1 6
github.com/canpacis/payload/payload.go:258.57,259.59 1 1
github.com/canpacis/payload/payload.go:260.109,261.44 1 1
github.com/canpacis/payload/payload.go:261.44,263.5 1 0
github.com/canpacis/payload/payload.go:264.4,266.40 3 1
github.com/canpacis/payload/payload.go:269.11,271.11 2 2
github.com/canpacis/payload/payload.go:271.11,273.5 1 1
github.com/canpacis/payload/payload.go:274.4,274.40 1 1
github.com/canpacis/payload/payload.go:278.2,278.35 1 12
github.com/canpacis/payload/payload.go:278.35,279.43 1 57
github.com/canpacis/payload/payload.go:279.43,281.4 1 1
github.com/canpacis/payload/payload.go:283.2,283.12 1 11
github.com/canpacis/payload/payload.go:291.75,293.2 1 1
github.com/canpacis/payload/payload.go:303.55,305.2 1 0
github.com/canpacis/payload/payload.go:314.55,318.2 3 12
